***Building CPU
rm -f serial *.o
g++ -std=c++11 -c serial.cpp
g++ -std=c++11 -c load_mnist.cpp
g++ -o serial -std=c++11 serial.o load_mnist.o
***Running

Loading data ...
Data size: 42000
Hidden layer size: 32
Batch size: 64
===TRAINING===
Epoch 0
Epoch 1
Epoch 2
Epoch 3
Epoch 4
===TRAINING COMPLETE===
Training time: 53.3679s
Forward propagation time: 25.3257s
Backpropagation time: 28.0211s
===TESTING===
TEST avg error: 0.294588
TEST avg accuracy: 0.911458


Loading data ...
Data size: 42000
Hidden layer size: 64
Batch size: 64
===TRAINING===
Epoch 0
Epoch 1
Epoch 2
Epoch 3
Epoch 4
===TRAINING COMPLETE===
Training time: 101.91s
Forward propagation time: 48.2781s
Backpropagation time: 53.6101s
===TESTING===
TEST avg error: 0.345609
TEST avg accuracy: 0.897964


Loading data ...
Data size: 42000
Hidden layer size: 128
Batch size: 64
===TRAINING===
Epoch 0
Epoch 1
Epoch 2
Epoch 3
Epoch 4
===TRAINING COMPLETE===
Training time: 292.716s
Forward propagation time: 140.839s
Backpropagation time: 151.855s
===TESTING===
TEST avg error: 0.411314
TEST avg accuracy: 0.880919


Loading data ...
Data size: 42000
Hidden layer size: 256
Batch size: 64
===TRAINING===
Epoch 0
Epoch 1
Epoch 2
Epoch 3
Epoch 4
===TRAINING COMPLETE===
Training time: 633.996s
Forward propagation time: 301.767s
Backpropagation time: 332.207s
===TESTING===
TEST avg error: 0.499309
TEST avg accuracy: 0.851799
