***Purging module files

The following modules were not unloaded:
  (Use "module --force purge" to unload all):

  1) StdEnv

***Loading CUDA module file



Currently Loaded Modules:
  1) StdEnv (S)   2) CUDA/11.3.1 (g)

  Where:
   S:  Module is Sticky, requires --force to unload or purge
   g:  built for GPU

 

***Building gpu
rm -f *.o gpu
nvcc -gencode=arch=compute_37,code=\"sm_37,compute_37\" -O3 -Wno-deprecated-gpu-targets -g -std=c++11 -o gpu.o -std=c++11 -c gpu.cu
nvcc -gencode=arch=compute_37,code=\"sm_37,compute_37\" -lm -Wno-deprecated-gpu-targets -g -std=c++11 -o gpu -std=c++11 gpu.o
***Running
Loading data ...
Data size: 42000
Hidden layer size: 32
===TRAINING===
Epoch 0
error: 1.8411
Epoch 1
error: 1.53561
Epoch 2
error: 1.22797
Epoch 3
error: 1.11105
Epoch 4
error: 1.03527
===TRAINING COMPLETE===
Training time: 32.132s
Forward propagation time: 20.669s
Backpropagation time: 11.4409s
===TESTING===
TEST avg error: 1.16685
TEST avg accuracy: 0.617605
