***Purging module files

The following modules were not unloaded:
  (Use "module --force purge" to unload all):

  1) StdEnv

***Loading CUDA module file



Currently Loaded Modules:
  1) StdEnv (S)   2) CUDA/11.3.1 (g)

  Where:
   S:  Module is Sticky, requires --force to unload or purge
   g:  built for GPU

 

***Building gpu
rm -f *.o gpu
nvcc -gencode=arch=compute_37,code=\"sm_37,compute_37\" -O3 -Wno-deprecated-gpu-targets -g -std=c++11 -o gpu.o -std=c++11 -c gpu.cu
nvcc -gencode=arch=compute_37,code=\"sm_37,compute_37\" -lm -Wno-deprecated-gpu-targets -g -std=c++11 -o gpu -std=c++11 gpu.o
***Running

Loading data ...
Data size: 42000
Hidden layer size: 32
Batch size: 32
row: 1 l1 cols: 1 l2 cols: 1
===TRAINING===
Epoch 0
Epoch 1
Epoch 2
Epoch 3
Epoch 4
===TRAINING COMPLETE===
Training time: 49.9792s
Forward propagation time: 19.2078s
Backpropagation time: 30.5211s
===TESTING===
TEST avg error: 0.244853
TEST avg accuracy: 0.927481


Loading data ...
Data size: 42000
Hidden layer size: 64
Batch size: 32
row: 1 l1 cols: 2 l2 cols: 1
===TRAINING===
Epoch 0
Epoch 1
Epoch 2
Epoch 3
Epoch 4
===TRAINING COMPLETE===
Training time: 50.8507s
Forward propagation time: 19.4393s
Backpropagation time: 31.1584s
===TESTING===
TEST avg error: 0.292602
TEST avg accuracy: 0.915315


Loading data ...
Data size: 42000
Hidden layer size: 128
Batch size: 32
row: 1 l1 cols: 4 l2 cols: 1
===TRAINING===
Epoch 0
Epoch 1
Epoch 2
Epoch 3
Epoch 4
===TRAINING COMPLETE===
Training time: 53.1058s
Forward propagation time: 20.0988s
Backpropagation time: 32.7542s
===TESTING===
TEST avg error: 0.329505
TEST avg accuracy: 0.908158


Loading data ...
Data size: 42000
Hidden layer size: 256
Batch size: 32
row: 1 l1 cols: 8 l2 cols: 1
===TRAINING===
Epoch 0
Epoch 1
Epoch 2
Epoch 3
Epoch 4
===TRAINING COMPLETE===
Training time: 57.16s
Forward propagation time: 21.2276s
Backpropagation time: 35.6674s
===TESTING===
TEST avg error: 0.414612
TEST avg accuracy: 0.880725
